<?xml version="1.0" encoding="UTF-8"?>
<!-- Generated by org.testng.reporters.JUnitReportReporter -->
<testsuite hostname="DESKTOP-GVVML2G" failures="0" tests="1" name="SignupTest_Cases" time="3.304" errors="0" timestamp="2023-10-04T17:12:03 EET" skipped="0">
  <testcase classname="SignupTest_Cases" name="CreatOneContact" time="3.304"/>
  <system-out/>
</testsuite> <!-- SignupTest_Cases -->
