<?xml version="1.0" encoding="UTF-8"?>
<!-- Generated by org.testng.reporters.JUnitReportReporter -->
<testsuite hostname="DESKTOP-GVVML2G" failures="0" tests="1" name="Login_Test_Cases" time="2.525" errors="0" timestamp="2023-10-05T15:31:21 EET" skipped="0">
  <testcase classname="Login_Test_Cases" name="CreatOneContact" time="2.525"/>
  <system-out/>
</testsuite> <!-- Login_Test_Cases -->
