<?xml version="1.0" encoding="UTF-8"?>
<!-- Generated by org.testng.reporters.JUnitReportReporter -->
<testsuite hostname="DESKTOP-GVVML2G" failures="0" tests="1" name="SignupTest_Cases" time="2.880" errors="0" timestamp="2023-10-05T15:49:04 EET" skipped="0">
  <testcase classname="SignupTest_Cases" name="CreatOneContact" time="2.880"/>
  <system-out/>
</testsuite> <!-- SignupTest_Cases -->
